{"name":"addColumnStringTest","status":"broken","statusDetails":{"known":false,"muted":false,"flaky":false,"message":"Expected condition failed: waiting for presence of element located by: By.xpath: //*[@title='RFQ for Job']/ancestor::div/following-sibling::div//th[@role='columnheader']/a[text()='CSR Name'] (tried for 60 second(s) with 500 milliseconds interval)","trace":"org.openqa.selenium.TimeoutException: Expected condition failed: waiting for presence of element located by: By.xpath: //*[@title='RFQ for Job']/ancestor::div/following-sibling::div//th[@role='columnheader']/a[text()='CSR Name'] (tried for 60 second(s) with 500 milliseconds interval)\r\n\tat org.openqa.selenium.support.ui.WebDriverWait.timeoutException(WebDriverWait.java:113)\r\n\tat org.openqa.selenium.support.ui.FluentWait.until(FluentWait.java:283)\r\n\tat com.workbench.client.pages.WidgetPage.verifyColumnString(WidgetPage.java:208)\r\n\tat com.workbench.client.pages.WidgetPage.addColumnString(WidgetPage.java:261)\r\n\tat com.workbench.client.tests.wb03_WidgetsTest.addColumnStringTest(wb03_WidgetsTest.java:50)\r\n\tat sun.reflect.NativeMethodAccessorImpl.invoke0(Native Method)\r\n\tat sun.reflect.NativeMethodAccessorImpl.invoke(Unknown Source)\r\n\tat sun.reflect.DelegatingMethodAccessorImpl.invoke(Unknown Source)\r\n\tat java.lang.reflect.Method.invoke(Unknown Source)\r\n\tat org.testng.internal.MethodInvocationHelper.invokeMethod(MethodInvocationHelper.java:124)\r\n\tat org.testng.internal.Invoker.invokeMethod(Invoker.java:583)\r\n\tat org.testng.internal.Invoker.invokeTestMethod(Invoker.java:719)\r\n\tat org.testng.internal.Invoker.invokeTestMethods(Invoker.java:989)\r\n\tat org.testng.internal.TestMethodWorker.invokeTestMethods(TestMethodWorker.java:125)\r\n\tat org.testng.internal.TestMethodWorker.run(TestMethodWorker.java:109)\r\n\tat org.testng.TestRunner.privateRun(TestRunner.java:648)\r\n\tat org.testng.TestRunner.run(TestRunner.java:505)\r\n\tat org.testng.SuiteRunner.runTest(SuiteRunner.java:455)\r\n\tat org.testng.SuiteRunner.runSequentially(SuiteRunner.java:450)\r\n\tat org.testng.SuiteRunner.privateRun(SuiteRunner.java:415)\r\n\tat org.testng.SuiteRunner.run(SuiteRunner.java:364)\r\n\tat org.testng.SuiteRunnerWorker.runSuite(SuiteRunnerWorker.java:52)\r\n\tat org.testng.SuiteRunnerWorker.run(SuiteRunnerWorker.java:84)\r\n\tat org.testng.TestNG.runSuitesSequentially(TestNG.java:1208)\r\n\tat org.testng.TestNG.runSuitesLocally(TestNG.java:1137)\r\n\tat org.testng.TestNG.runSuites(TestNG.java:1049)\r\n\tat org.testng.TestNG.run(TestNG.java:1017)\r\n\tat org.testng.remote.AbstractRemoteTestNG.run(AbstractRemoteTestNG.java:115)\r\n\tat org.testng.remote.RemoteTestNG.initAndRun(RemoteTestNG.java:251)\r\n\tat org.testng.remote.RemoteTestNG.main(RemoteTestNG.java:77)\r\nCaused by: org.openqa.selenium.NoSuchElementException: Cannot locate an element using By.xpath: //*[@title='RFQ for Job']/ancestor::div/following-sibling::div//th[@role='columnheader']/a[text()='CSR Name']\nFor documentation on this error, please visit: http://seleniumhq.org/exceptions/no_such_element.html\nBuild info: version: '3.14.0', revision: 'aacccce0', time: '2018-08-02T20:19:58.91Z'\nSystem info: host: 'ABHISEKP-W10LT', ip: '10.211.18.179', os.name: 'Windows 10', os.arch: 'amd64', os.version: '10.0', java.version: '1.8.0_211'\nDriver info: driver.version: unknown\r\n\tat org.openqa.selenium.support.ui.ExpectedConditions.lambda$findElement$0(ExpectedConditions.java:896)\r\n\tat java.util.Optional.orElseThrow(Unknown Source)\r\n\tat org.openqa.selenium.support.ui.ExpectedConditions.findElement(ExpectedConditions.java:895)\r\n\tat org.openqa.selenium.support.ui.ExpectedConditions.access$000(ExpectedConditions.java:44)\r\n\tat org.openqa.selenium.support.ui.ExpectedConditions$6.apply(ExpectedConditions.java:183)\r\n\tat org.openqa.selenium.support.ui.ExpectedConditions$6.apply(ExpectedConditions.java:180)\r\n\tat org.openqa.selenium.support.ui.FluentWait.until(FluentWait.java:260)\r\n\t... 28 more\r\n"},"stage":"finished","steps":[],"attachments":[],"parameters":[{"name":"database","value":""},{"name":"loginid","value":"wbac"},{"name":"environmentName","value":"PreProduction"},{"name":"browserVersion","value":"77.0.3865.40"},{"name":"browserName","value":"Chrome"},{"name":"reTryFlag","value":"false"},{"name":"performanceFlag","value":"false"}],"start":1573640220331,"stop":1573640294989,"uuid":"840e4dee-2368-4296-9142-e5ef808c4075","historyId":"a78b2c49a3a53b32cdc2b22f2468d5eb","fullName":"com.workbench.client.tests.wb03_WidgetsTest.addColumnStringTest","labels":[{"name":"package","value":"com.workbench.client.tests.wb03_WidgetsTest"},{"name":"testClass","value":"com.workbench.client.tests.wb03_WidgetsTest"},{"name":"testMethod","value":"addColumnStringTest"},{"name":"parentSuite","value":"WORKBENCH Automation TEST SUITE"},{"name":"suite","value":"WorkBench Regression on ProgressDataBase "},{"name":"subSuite","value":"com.workbench.client.tests.wb03_WidgetsTest"},{"name":"host","value":"abhisekp-w10lt"},{"name":"thread","value":"20644@abhisekp-w10lt.main(1)"}],"links":[]}