<?xml version="1.0" encoding="UTF-8"?>
<!-- Generated by org.testng.reporters.JUnitReportReporter -->
<testsuite hostname="DESKTOP-2GN6A96" name="com.eCRM.client.tests.eCRM12_CampaignProjectsTests" tests="7" failures="1" timestamp="25 Sep 2019 09:06:49 GMT" time="132.231" errors="0">
  <testcase name="addACampaignProjectTest" time="12.999" classname="com.eCRM.client.tests.eCRM12_CampaignProjectsTests"/>
  <testcase name="addEmailTemplateToTheCampaignProjectTest" time="79.867" classname="com.eCRM.client.tests.eCRM12_CampaignProjectsTests"/>
  <testcase name="verifyCampaignProjectIsAddedTest" time="12.545" classname="com.eCRM.client.tests.eCRM12_CampaignProjectsTests"/>
  <testcase name="editCampaignProjectTest" time="6.641" classname="com.eCRM.client.tests.eCRM12_CampaignProjectsTests"/>
  <testcase name="addCampaignToTheCampaignProjectTest" time="7.607" classname="com.eCRM.client.tests.eCRM12_CampaignProjectsTests"/>
  <testcase name="verifyCampaignIsAddedToCampaignProjectTest" time="0.071" classname="com.eCRM.client.tests.eCRM12_CampaignProjectsTests">
    <failure type="java.lang.AssertionError" message="expected [true] but found [false]">
      <![CDATA[java.lang.AssertionError: expected [true] but found [false]
	at org.testng.Assert.fail(Assert.java:94)
	at org.testng.Assert.failNotEquals(Assert.java:496)
	at org.testng.Assert.assertTrue(Assert.java:42)
	at org.testng.Assert.assertTrue(Assert.java:52)
	at com.eCRM.client.tests.eCRM12_CampaignProjectsTests.verifyCampaignIsAddedToCampaignProjectTest(eCRM12_CampaignProjectsTests.java:91)
	at sun.reflect.NativeMethodAccessorImpl.invoke0(Native Method)
	at sun.reflect.NativeMethodAccessorImpl.invoke(Unknown Source)
	at sun.reflect.DelegatingMethodAccessorImpl.invoke(Unknown Source)
	at java.lang.reflect.Method.invoke(Unknown Source)
	at org.testng.internal.MethodInvocationHelper.invokeMethod(MethodInvocationHelper.java:85)
	at org.testng.internal.Invoker.invokeMethod(Invoker.java:663)
	at org.testng.internal.Invoker.invokeTestMethod(Invoker.java:849)
	at org.testng.internal.Invoker.invokeTestMethods(Invoker.java:1157)
	at org.testng.internal.TestMethodWorker.invokeTestMethods(TestMethodWorker.java:124)
	at org.testng.internal.TestMethodWorker.run(TestMethodWorker.java:108)
	at org.testng.TestRunner.privateRun(TestRunner.java:771)
	at org.testng.TestRunner.run(TestRunner.java:621)
	at org.testng.SuiteRunner.runTest(SuiteRunner.java:357)
	at org.testng.SuiteRunner.runSequentially(SuiteRunner.java:352)
	at org.testng.SuiteRunner.privateRun(SuiteRunner.java:310)
	at org.testng.SuiteRunner.run(SuiteRunner.java:259)
	at org.testng.SuiteRunnerWorker.runSuite(SuiteRunnerWorker.java:52)
	at org.testng.SuiteRunnerWorker.run(SuiteRunnerWorker.java:86)
	at org.testng.TestNG.runSuitesSequentially(TestNG.java:1200)
	at org.testng.TestNG.runSuitesLocally(TestNG.java:1125)
	at org.testng.TestNG.run(TestNG.java:1033)
	at org.testng.remote.RemoteTestNG.run(RemoteTestNG.java:111)
	at org.testng.remote.RemoteTestNG.initAndRun(RemoteTestNG.java:204)
	at org.testng.remote.RemoteTestNG.main(RemoteTestNG.java:175)
]]>
    </failure>
  </testcase> <!-- verifyCampaignIsAddedToCampaignProjectTest -->
  <testcase name="verifyCampaignProjectIsEditedTest" time="12.501" classname="com.eCRM.client.tests.eCRM12_CampaignProjectsTests"/>
</testsuite> <!-- com.eCRM.client.tests.eCRM12_CampaignProjectsTests -->
