<?xml version="1.0" encoding="UTF-8"?>
<!-- Generated by org.testng.reporters.JUnitReportReporter -->
<testsuite skipped="0" hostname="abhisekp-w10lt" name="com.workbench.client.tests.wb03_WidgetsTest" tests="15" failures="2" timestamp="23 Nov 2019 17:58:31 GMT" time="934.833" errors="0">
  <testcase name="addRFQWidgetTest" time="25.688" classname="com.workbench.client.tests.wb03_WidgetsTest"/>
  <testcase name="verifyRFQDefaultColumnsWidgetTest" time="14.115" classname="com.workbench.client.tests.wb03_WidgetsTest"/>
  <testcase name="addColumnStringTest" time="19.327" classname="com.workbench.client.tests.wb03_WidgetsTest"/>
  <testcase name="deleteColumnStringTest" time="19.131" classname="com.workbench.client.tests.wb03_WidgetsTest"/>
  <testcase name="addColumnDateTest" time="93.545" classname="com.workbench.client.tests.wb03_WidgetsTest"/>
  <testcase name="deleteColumnDateTest" time="19.719" classname="com.workbench.client.tests.wb03_WidgetsTest"/>
  <testcase name="addColumnNumTest" time="33.188" classname="com.workbench.client.tests.wb03_WidgetsTest"/>
  <testcase name="deleteColumnNumTest" time="19.136" classname="com.workbench.client.tests.wb03_WidgetsTest"/>
  <testcase name="addRuleString" time="78.782" classname="com.workbench.client.tests.wb03_WidgetsTest"/>
  <testcase name="addRuleDate" time="86.258" classname="com.workbench.client.tests.wb03_WidgetsTest"/>
  <testcase name="addRuleNum" time="84.881" classname="com.workbench.client.tests.wb03_WidgetsTest"/>
  <testcase name="modifyRuleString" time="88.334" classname="com.workbench.client.tests.wb03_WidgetsTest">
    <failure type="java.lang.AssertionError" message="Failed to apply rule">
      <![CDATA[java.lang.AssertionError: Failed to apply rule
at org.testng.Assert.fail(Assert.java:96)
at com.workbench.client.pages.WidgetPage.modifyRuleString(WidgetPage.java:824)
at com.workbench.client.tests.wb03_WidgetsTest.modifyRuleString(wb03_WidgetsTest.java:134)
at sun.reflect.NativeMethodAccessorImpl.invoke0(Native Method)
at sun.reflect.NativeMethodAccessorImpl.invoke(Unknown Source)
at sun.reflect.DelegatingMethodAccessorImpl.invoke(Unknown Source)
at java.lang.reflect.Method.invoke(Unknown Source)
at org.testng.internal.MethodInvocationHelper.invokeMethod(MethodInvocationHelper.java:124)
at org.testng.internal.Invoker.invokeMethod(Invoker.java:583)
at org.testng.internal.Invoker.invokeTestMethod(Invoker.java:719)
at org.testng.internal.Invoker.invokeTestMethods(Invoker.java:989)
at org.testng.internal.TestMethodWorker.invokeTestMethods(TestMethodWorker.java:125)
at org.testng.internal.TestMethodWorker.run(TestMethodWorker.java:109)
at org.testng.TestRunner.privateRun(TestRunner.java:648)
at org.testng.TestRunner.run(TestRunner.java:505)
at org.testng.SuiteRunner.runTest(SuiteRunner.java:455)
at org.testng.SuiteRunner.runSequentially(SuiteRunner.java:450)
at org.testng.SuiteRunner.privateRun(SuiteRunner.java:415)
at org.testng.SuiteRunner.run(SuiteRunner.java:364)
at org.testng.SuiteRunnerWorker.runSuite(SuiteRunnerWorker.java:52)
at org.testng.SuiteRunnerWorker.run(SuiteRunnerWorker.java:84)
at org.testng.TestNG.runSuitesSequentially(TestNG.java:1208)
at org.testng.TestNG.runSuitesLocally(TestNG.java:1137)
at org.testng.TestNG.runSuites(TestNG.java:1049)
at org.testng.TestNG.run(TestNG.java:1017)
at org.testng.remote.AbstractRemoteTestNG.run(AbstractRemoteTestNG.java:115)
at org.testng.remote.RemoteTestNG.initAndRun(RemoteTestNG.java:251)
at org.testng.remote.RemoteTestNG.main(RemoteTestNG.java:77)
]]>
    </failure>
  </testcase> <!-- modifyRuleString -->
  <testcase name="modifyRuleDate" time="88.352" classname="com.workbench.client.tests.wb03_WidgetsTest"/>
  <testcase name="modifyRuleNum" time="211.970" classname="com.workbench.client.tests.wb03_WidgetsTest"/>
  <testcase name="advanceRule" time="52.407" classname="com.workbench.client.tests.wb03_WidgetsTest">
    <failure type="java.lang.AssertionError" message="failed to add Advance rule">
      <![CDATA[java.lang.AssertionError: failed to add Advance rule
at org.testng.Assert.fail(Assert.java:96)
at com.workbench.client.pages.WidgetPage.applyAdvanceRule(WidgetPage.java:1422)
at com.workbench.client.tests.wb03_WidgetsTest.advanceRule(wb03_WidgetsTest.java:159)
at sun.reflect.NativeMethodAccessorImpl.invoke0(Native Method)
at sun.reflect.NativeMethodAccessorImpl.invoke(Unknown Source)
at sun.reflect.DelegatingMethodAccessorImpl.invoke(Unknown Source)
at java.lang.reflect.Method.invoke(Unknown Source)
at org.testng.internal.MethodInvocationHelper.invokeMethod(MethodInvocationHelper.java:124)
at org.testng.internal.Invoker.invokeMethod(Invoker.java:583)
at org.testng.internal.Invoker.invokeTestMethod(Invoker.java:719)
at org.testng.internal.Invoker.invokeTestMethods(Invoker.java:989)
at org.testng.internal.TestMethodWorker.invokeTestMethods(TestMethodWorker.java:125)
at org.testng.internal.TestMethodWorker.run(TestMethodWorker.java:109)
at org.testng.TestRunner.privateRun(TestRunner.java:648)
at org.testng.TestRunner.run(TestRunner.java:505)
at org.testng.SuiteRunner.runTest(SuiteRunner.java:455)
at org.testng.SuiteRunner.runSequentially(SuiteRunner.java:450)
at org.testng.SuiteRunner.privateRun(SuiteRunner.java:415)
at org.testng.SuiteRunner.run(SuiteRunner.java:364)
at org.testng.SuiteRunnerWorker.runSuite(SuiteRunnerWorker.java:52)
at org.testng.SuiteRunnerWorker.run(SuiteRunnerWorker.java:84)
at org.testng.TestNG.runSuitesSequentially(TestNG.java:1208)
at org.testng.TestNG.runSuitesLocally(TestNG.java:1137)
at org.testng.TestNG.runSuites(TestNG.java:1049)
at org.testng.TestNG.run(TestNG.java:1017)
at org.testng.remote.AbstractRemoteTestNG.run(AbstractRemoteTestNG.java:115)
at org.testng.remote.RemoteTestNG.initAndRun(RemoteTestNG.java:251)
at org.testng.remote.RemoteTestNG.main(RemoteTestNG.java:77)
]]>
    </failure>
  </testcase> <!-- advanceRule -->
</testsuite> <!-- com.workbench.client.tests.wb03_WidgetsTest -->
