<?xml version="1.0" encoding="UTF-8"?>
<!-- Generated by org.testng.reporters.JUnitXMLReporter -->
<testsuite hostname="DESKTOP-2GN6A96" name="Regression Tests" tests="49" failures="21" timestamp="25 Sep 2019 09:06:48 GMT" time="688.763" errors="0">
  <testcase name="loginwithvalidCredentialsTest" time="0.469" classname="com.eCRM.client.tests.eCRM01_LoginTests"/>
  <testcase name="addNewComplaintTest" time="25.434" classname="com.eCRM.client.tests.eCRM09_ComplaintManagementTests"/>
  <testcase name="verifyComplaintIsAddedTest" time="4.654" classname="com.eCRM.client.tests.eCRM09_ComplaintManagementTests"/>
  <testcase name="copyComplaintTest" time="0.787" classname="com.eCRM.client.tests.eCRM09_ComplaintManagementTests"/>
  <testcase name="verifyTheJournalIsAddedToComplaintTest" time="65.541" classname="com.eCRM.client.tests.eCRM09_ComplaintManagementTests">
    <failure type="java.lang.AssertionError" message="expected [true] but found [false]">
      <![CDATA[java.lang.AssertionError: expected [true] but found [false]
	at com.eCRM.client.tests.eCRM09_ComplaintManagementTests.verifyTheJournalIsAddedToComplaintTest(eCRM09_ComplaintManagementTests.java:110)
... Removed 28 stack frames]]>
    </failure>
  </testcase> <!-- verifyTheJournalIsAddedToComplaintTest -->
  <testcase name="editTheAddedJournalToComplaintTest" time="3.037" classname="com.eCRM.client.tests.eCRM09_ComplaintManagementTests">
    <failure type="org.openqa.selenium.NoSuchElementException" message="no such element: Unable to locate element: {&amp;quot;method&amp;quot;:&amp;quot;xpath&amp;quot;,&amp;quot;selector&amp;quot;:&amp;quot;//table[contains(@id,&amp;apos;grdJournals&amp;apos;)]//td[text()=&amp;quot; Test journal Text&amp;quot;]/following-sibling::td/a/span[.=&amp;apos;Edit&amp;apos;]&amp;quot;}
  (Session info: chrome=77.0.3865.90)
For documentation on this error, please visit: http://seleniumhq.org/exceptions/no_such_element.html
Build info: version: &amp;apos;3.14.0&amp;apos;, revision: &amp;apos;aacccce0&amp;apos;, time: &amp;apos;2018-08-02T20:19:58.91Z&amp;apos;
System info: host: &amp;apos;DESKTOP-2GN6A96&amp;apos;, ip: &amp;apos;10.210.27.76&amp;apos;, os.name: &amp;apos;Windows 10&amp;apos;, os.arch: &amp;apos;amd64&amp;apos;, os.version: &amp;apos;10.0&amp;apos;, java.version: &amp;apos;1.8.0_221&amp;apos;
Driver info: org.openqa.selenium.chrome.ChromeDriver
Capabilities {acceptInsecureCerts: false, browserName: chrome, browserVersion: 77.0.3865.90, chrome: {chromedriverVersion: 77.0.3865.40 (f484704e052e0..., userDataDir: C:\Users\subhramd\AppData\L...}, goog:chromeOptions: {debuggerAddress: localhost:50447}, javascriptEnabled: true, networkConnectionEnabled: false, pageLoadStrategy: normal, platform: XP, platformName: XP, proxy: Proxy(), setWindowRect: true, strictFileInteractability: false, timeouts: {implicit: 0, pageLoad: 300000, script: 30000}, unhandledPromptBehavior: dismiss and notify}
Session ID: 220eae7121524b198f843b6870ac13cd
*** Element info: {Using=xpath, value=//table[contains(@id,&amp;apos;grdJournals&amp;apos;)]//td[text()=&amp;quot; Test journal Text&amp;quot;]/following-sibling::td/a/span[.=&amp;apos;Edit&amp;apos;]}">
      <![CDATA[org.openqa.selenium.NoSuchElementException: no such element: Unable to locate element: {"method":"xpath","selector":"//table[contains(@id,'grdJournals')]//td[text()=" Test journal Text"]/following-sibling::td/a/span[.='Edit']"}
  (Session info: chrome=77.0.3865.90)
For documentation on this error, please visit: http://seleniumhq.org/exceptions/no_such_element.html
Build info: version: '3.14.0', revision: 'aacccce0', time: '2018-08-02T20:19:58.91Z'
System info: host: 'DESKTOP-2GN6A96', ip: '10.210.27.76', os.name: 'Windows 10', os.arch: 'amd64', os.version: '10.0', java.version: '1.8.0_221'
Driver info: org.openqa.selenium.chrome.ChromeDriver
Capabilities {acceptInsecureCerts: false, browserName: chrome, browserVersion: 77.0.3865.90, chrome: {chromedriverVersion: 77.0.3865.40 (f484704e052e0..., userDataDir: C:\Users\subhramd\AppData\L...}, goog:chromeOptions: {debuggerAddress: localhost:50447}, javascriptEnabled: true, networkConnectionEnabled: false, pageLoadStrategy: normal, platform: XP, platformName: XP, proxy: Proxy(), setWindowRect: true, strictFileInteractability: false, timeouts: {implicit: 0, pageLoad: 300000, script: 30000}, unhandledPromptBehavior: dismiss and notify}
Session ID: 220eae7121524b198f843b6870ac13cd
*** Element info: {Using=xpath, value=//table[contains(@id,'grdJournals')]//td[text()=" Test journal Text"]/following-sibling::td/a/span[.='Edit']}
	at org.openqa.selenium.remote.http.W3CHttpResponseCodec.createException(W3CHttpResponseCodec.java:187)
	at org.openqa.selenium.remote.http.W3CHttpResponseCodec.decode(W3CHttpResponseCodec.java:122)
	at org.openqa.selenium.remote.http.W3CHttpResponseCodec.decode(W3CHttpResponseCodec.java:49)
	at org.openqa.selenium.remote.HttpCommandExecutor.execute(HttpCommandExecutor.java:158)
	at org.openqa.selenium.remote.service.DriverCommandExecutor.execute(DriverCommandExecutor.java:83)
	at org.openqa.selenium.remote.RemoteWebDriver.execute(RemoteWebDriver.java:548)
	at org.openqa.selenium.remote.RemoteWebDriver.findElement(RemoteWebDriver.java:322)
	at org.openqa.selenium.remote.RemoteWebDriver.findElementByXPath(RemoteWebDriver.java:424)
	at org.openqa.selenium.By$ByXPath.findElement(By.java:353)
	at org.openqa.selenium.remote.RemoteWebDriver.findElement(RemoteWebDriver.java:314)
	at org.openqa.selenium.support.events.EventFiringWebDriver.lambda$new$1(EventFiringWebDriver.java:105)
	at com.sun.proxy.$Proxy19.findElement(Unknown Source)
	at org.openqa.selenium.support.events.EventFiringWebDriver.findElement(EventFiringWebDriver.java:194)
	at com.eCRM.client.pages.ComplaintsManagementPage.editJournal(ComplaintsManagementPage.java:274)
	at com.eCRM.client.tests.eCRM09_ComplaintManagementTests.editTheAddedJournalToComplaintTest(eCRM09_ComplaintManagementTests.java:120)
... Removed 30 stack frames]]>
    </failure>
  </testcase> <!-- editTheAddedJournalToComplaintTest -->
  <testcase name="verifyTheJournalIsEditedTest" time="65.155" classname="com.eCRM.client.tests.eCRM09_ComplaintManagementTests">
    <failure type="java.lang.AssertionError" message="expected [true] but found [false]">
      <![CDATA[java.lang.AssertionError: expected [true] but found [false]
	at com.eCRM.client.tests.eCRM09_ComplaintManagementTests.verifyTheJournalIsEditedTest(eCRM09_ComplaintManagementTests.java:130)
... Removed 28 stack frames]]>
    </failure>
  </testcase> <!-- verifyTheJournalIsEditedTest -->
  <testcase name="deleteJournalFromTHeComplaintTest" time="3.043" classname="com.eCRM.client.tests.eCRM09_ComplaintManagementTests">
    <failure type="org.openqa.selenium.NoSuchElementException" message="no such element: Unable to locate element: {&amp;quot;method&amp;quot;:&amp;quot;xpath&amp;quot;,&amp;quot;selector&amp;quot;:&amp;quot;//table[contains(@id,&amp;apos;grdJournals&amp;apos;)]//td[text()=&amp;quot;Test journal Text edited&amp;quot;]/following-sibling::td[.=&amp;apos;Delete&amp;apos;]&amp;quot;}
  (Session info: chrome=77.0.3865.90)
For documentation on this error, please visit: http://seleniumhq.org/exceptions/no_such_element.html
Build info: version: &amp;apos;3.14.0&amp;apos;, revision: &amp;apos;aacccce0&amp;apos;, time: &amp;apos;2018-08-02T20:19:58.91Z&amp;apos;
System info: host: &amp;apos;DESKTOP-2GN6A96&amp;apos;, ip: &amp;apos;10.210.27.76&amp;apos;, os.name: &amp;apos;Windows 10&amp;apos;, os.arch: &amp;apos;amd64&amp;apos;, os.version: &amp;apos;10.0&amp;apos;, java.version: &amp;apos;1.8.0_221&amp;apos;
Driver info: org.openqa.selenium.chrome.ChromeDriver
Capabilities {acceptInsecureCerts: false, browserName: chrome, browserVersion: 77.0.3865.90, chrome: {chromedriverVersion: 77.0.3865.40 (f484704e052e0..., userDataDir: C:\Users\subhramd\AppData\L...}, goog:chromeOptions: {debuggerAddress: localhost:50447}, javascriptEnabled: true, networkConnectionEnabled: false, pageLoadStrategy: normal, platform: XP, platformName: XP, proxy: Proxy(), setWindowRect: true, strictFileInteractability: false, timeouts: {implicit: 0, pageLoad: 300000, script: 30000}, unhandledPromptBehavior: dismiss and notify}
Session ID: 220eae7121524b198f843b6870ac13cd
*** Element info: {Using=xpath, value=//table[contains(@id,&amp;apos;grdJournals&amp;apos;)]//td[text()=&amp;quot;Test journal Text edited&amp;quot;]/following-sibling::td[.=&amp;apos;Delete&amp;apos;]}">
      <![CDATA[org.openqa.selenium.NoSuchElementException: no such element: Unable to locate element: {"method":"xpath","selector":"//table[contains(@id,'grdJournals')]//td[text()="Test journal Text edited"]/following-sibling::td[.='Delete']"}
  (Session info: chrome=77.0.3865.90)
For documentation on this error, please visit: http://seleniumhq.org/exceptions/no_such_element.html
Build info: version: '3.14.0', revision: 'aacccce0', time: '2018-08-02T20:19:58.91Z'
System info: host: 'DESKTOP-2GN6A96', ip: '10.210.27.76', os.name: 'Windows 10', os.arch: 'amd64', os.version: '10.0', java.version: '1.8.0_221'
Driver info: org.openqa.selenium.chrome.ChromeDriver
Capabilities {acceptInsecureCerts: false, browserName: chrome, browserVersion: 77.0.3865.90, chrome: {chromedriverVersion: 77.0.3865.40 (f484704e052e0..., userDataDir: C:\Users\subhramd\AppData\L...}, goog:chromeOptions: {debuggerAddress: localhost:50447}, javascriptEnabled: true, networkConnectionEnabled: false, pageLoadStrategy: normal, platform: XP, platformName: XP, proxy: Proxy(), setWindowRect: true, strictFileInteractability: false, timeouts: {implicit: 0, pageLoad: 300000, script: 30000}, unhandledPromptBehavior: dismiss and notify}
Session ID: 220eae7121524b198f843b6870ac13cd
*** Element info: {Using=xpath, value=//table[contains(@id,'grdJournals')]//td[text()="Test journal Text edited"]/following-sibling::td[.='Delete']}
	at org.openqa.selenium.remote.http.W3CHttpResponseCodec.createException(W3CHttpResponseCodec.java:187)
	at org.openqa.selenium.remote.http.W3CHttpResponseCodec.decode(W3CHttpResponseCodec.java:122)
	at org.openqa.selenium.remote.http.W3CHttpResponseCodec.decode(W3CHttpResponseCodec.java:49)
	at org.openqa.selenium.remote.HttpCommandExecutor.execute(HttpCommandExecutor.java:158)
	at org.openqa.selenium.remote.service.DriverCommandExecutor.execute(DriverCommandExecutor.java:83)
	at org.openqa.selenium.remote.RemoteWebDriver.execute(RemoteWebDriver.java:548)
	at org.openqa.selenium.remote.RemoteWebDriver.findElement(RemoteWebDriver.java:322)
	at org.openqa.selenium.remote.RemoteWebDriver.findElementByXPath(RemoteWebDriver.java:424)
	at org.openqa.selenium.By$ByXPath.findElement(By.java:353)
	at org.openqa.selenium.remote.RemoteWebDriver.findElement(RemoteWebDriver.java:314)
	at org.openqa.selenium.support.events.EventFiringWebDriver.lambda$new$1(EventFiringWebDriver.java:105)
	at com.sun.proxy.$Proxy19.findElement(Unknown Source)
	at org.openqa.selenium.support.events.EventFiringWebDriver.findElement(EventFiringWebDriver.java:194)
	at com.eCRM.client.pages.ComplaintsManagementPage.deleteJournal(ComplaintsManagementPage.java:288)
	at com.eCRM.client.tests.eCRM09_ComplaintManagementTests.deleteJournalFromTHeComplaintTest(eCRM09_ComplaintManagementTests.java:140)
... Removed 30 stack frames]]>
    </failure>
  </testcase> <!-- deleteJournalFromTHeComplaintTest -->
  <testcase name="addAttachmentTOCOmplaintTest" time="63.21" classname="com.eCRM.client.tests.eCRM09_ComplaintManagementTests">
    <failure type="org.openqa.selenium.NoSuchElementException" message="no such element: Unable to locate element: {&amp;quot;method&amp;quot;:&amp;quot;css selector&amp;quot;,&amp;quot;selector&amp;quot;:&amp;quot;iframe[name=&amp;apos;winAttachments&amp;apos;]&amp;quot;}
  (Session info: chrome=77.0.3865.90)
For documentation on this error, please visit: http://seleniumhq.org/exceptions/no_such_element.html
Build info: version: &amp;apos;3.14.0&amp;apos;, revision: &amp;apos;aacccce0&amp;apos;, time: &amp;apos;2018-08-02T20:19:58.91Z&amp;apos;
System info: host: &amp;apos;DESKTOP-2GN6A96&amp;apos;, ip: &amp;apos;10.210.27.76&amp;apos;, os.name: &amp;apos;Windows 10&amp;apos;, os.arch: &amp;apos;amd64&amp;apos;, os.version: &amp;apos;10.0&amp;apos;, java.version: &amp;apos;1.8.0_221&amp;apos;
Driver info: org.openqa.selenium.chrome.ChromeDriver
Capabilities {acceptInsecureCerts: false, browserName: chrome, browserVersion: 77.0.3865.90, chrome: {chromedriverVersion: 77.0.3865.40 (f484704e052e0..., userDataDir: C:\Users\subhramd\AppData\L...}, goog:chromeOptions: {debuggerAddress: localhost:50447}, javascriptEnabled: true, networkConnectionEnabled: false, pageLoadStrategy: normal, platform: XP, platformName: XP, proxy: Proxy(), setWindowRect: true, strictFileInteractability: false, timeouts: {implicit: 0, pageLoad: 300000, script: 30000}, unhandledPromptBehavior: dismiss and notify}
Session ID: 220eae7121524b198f843b6870ac13cd
*** Element info: {Using=css selector, value=iframe[name=&amp;apos;winAttachments&amp;apos;]}">
      <![CDATA[org.openqa.selenium.NoSuchElementException: no such element: Unable to locate element: {"method":"css selector","selector":"iframe[name='winAttachments']"}
  (Session info: chrome=77.0.3865.90)
For documentation on this error, please visit: http://seleniumhq.org/exceptions/no_such_element.html
Build info: version: '3.14.0', revision: 'aacccce0', time: '2018-08-02T20:19:58.91Z'
System info: host: 'DESKTOP-2GN6A96', ip: '10.210.27.76', os.name: 'Windows 10', os.arch: 'amd64', os.version: '10.0', java.version: '1.8.0_221'
Driver info: org.openqa.selenium.chrome.ChromeDriver
Capabilities {acceptInsecureCerts: false, browserName: chrome, browserVersion: 77.0.3865.90, chrome: {chromedriverVersion: 77.0.3865.40 (f484704e052e0..., userDataDir: C:\Users\subhramd\AppData\L...}, goog:chromeOptions: {debuggerAddress: localhost:50447}, javascriptEnabled: true, networkConnectionEnabled: false, pageLoadStrategy: normal, platform: XP, platformName: XP, proxy: Proxy(), setWindowRect: true, strictFileInteractability: false, timeouts: {implicit: 0, pageLoad: 300000, script: 30000}, unhandledPromptBehavior: dismiss and notify}
Session ID: 220eae7121524b198f843b6870ac13cd
*** Element info: {Using=css selector, value=iframe[name='winAttachments']}
	at org.openqa.selenium.remote.http.W3CHttpResponseCodec.createException(W3CHttpResponseCodec.java:187)
	at org.openqa.selenium.remote.http.W3CHttpResponseCodec.decode(W3CHttpResponseCodec.java:122)
	at org.openqa.selenium.remote.http.W3CHttpResponseCodec.decode(W3CHttpResponseCodec.java:49)
	at org.openqa.selenium.remote.HttpCommandExecutor.execute(HttpCommandExecutor.java:158)
	at org.openqa.selenium.remote.service.DriverCommandExecutor.execute(DriverCommandExecutor.java:83)
	at org.openqa.selenium.remote.RemoteWebDriver.execute(RemoteWebDriver.java:548)
	at org.openqa.selenium.remote.RemoteWebDriver.findElement(RemoteWebDriver.java:322)
	at org.openqa.selenium.remote.RemoteWebDriver.findElementByCssSelector(RemoteWebDriver.java:416)
	at org.openqa.selenium.By$ByCssSelector.findElement(By.java:431)
	at org.openqa.selenium.remote.RemoteWebDriver.findElement(RemoteWebDriver.java:314)
	at org.openqa.selenium.support.events.EventFiringWebDriver.lambda$new$1(EventFiringWebDriver.java:105)
	at com.sun.proxy.$Proxy19.findElement(Unknown Source)
	at org.openqa.selenium.support.events.EventFiringWebDriver.findElement(EventFiringWebDriver.java:194)
	at org.openqa.selenium.support.pagefactory.DefaultElementLocator.findElement(DefaultElementLocator.java:69)
	at org.openqa.selenium.support.pagefactory.internal.LocatingElementHandler.invoke(LocatingElementHandler.java:38)
	at com.sun.proxy.$Proxy23.getWrappedElement(Unknown Source)
	at org.openqa.selenium.remote.internal.WebElementToJsonConverter.apply(WebElementToJsonConverter.java:50)
	at org.openqa.selenium.remote.RemoteWebDriver$RemoteTargetLocator.frame(RemoteWebDriver.java:887)
	at org.openqa.selenium.support.events.EventFiringWebDriver$EventFiringTargetLocator.frame(EventFiringWebDriver.java:706)
	at com.eCRM.client.core.CommonUtils.switchToFrame(CommonUtils.java:573)
	at com.eCRM.client.pages.ComplaintsManagementPage.addAttachment(ComplaintsManagementPage.java:296)
	at com.eCRM.client.tests.eCRM09_ComplaintManagementTests.addAttachmentTOCOmplaintTest(eCRM09_ComplaintManagementTests.java:150)
... Removed 30 stack frames]]>
    </failure>
  </testcase> <!-- addAttachmentTOCOmplaintTest -->
  <testcase name="verifyTheAttachmentIsAddedTest" time="62.512" classname="com.eCRM.client.tests.eCRM09_ComplaintManagementTests">
    <failure type="java.lang.AssertionError" message="expected [true] but found [false]">
      <![CDATA[java.lang.AssertionError: expected [true] but found [false]
	at com.eCRM.client.tests.eCRM09_ComplaintManagementTests.verifyTheAttachmentIsAddedTest(eCRM09_ComplaintManagementTests.java:160)
... Removed 28 stack frames]]>
    </failure>
  </testcase> <!-- verifyTheAttachmentIsAddedTest -->
  <testcase name="completeTheComplaintTest" time="23.381" classname="com.eCRM.client.tests.eCRM09_ComplaintManagementTests">
    <failure type="org.openqa.selenium.TimeoutException" message="Expected condition failed: waiting for alert to be present (tried for 20 second(s) with 500 milliseconds interval)
Build info: version: &amp;apos;3.14.0&amp;apos;, revision: &amp;apos;aacccce0&amp;apos;, time: &amp;apos;2018-08-02T20:19:58.91Z&amp;apos;
System info: host: &amp;apos;DESKTOP-2GN6A96&amp;apos;, ip: &amp;apos;10.210.27.76&amp;apos;, os.name: &amp;apos;Windows 10&amp;apos;, os.arch: &amp;apos;amd64&amp;apos;, os.version: &amp;apos;10.0&amp;apos;, java.version: &amp;apos;1.8.0_221&amp;apos;
Driver info: org.openqa.selenium.support.events.EventFiringWebDriver
Capabilities {acceptInsecureCerts: false, browserName: chrome, browserVersion: 77.0.3865.90, chrome: {chromedriverVersion: 77.0.3865.40 (f484704e052e0..., userDataDir: C:\Users\subhramd\AppData\L...}, goog:chromeOptions: {debuggerAddress: localhost:50447}, javascriptEnabled: true, networkConnectionEnabled: false, pageLoadStrategy: normal, platform: XP, platformName: XP, proxy: Proxy(), setWindowRect: true, strictFileInteractability: false, timeouts: {implicit: 0, pageLoad: 300000, script: 30000}, unhandledPromptBehavior: dismiss and notify}
Session ID: 220eae7121524b198f843b6870ac13cd">
      <![CDATA[org.openqa.selenium.TimeoutException: Expected condition failed: waiting for alert to be present (tried for 20 second(s) with 500 milliseconds interval)
Build info: version: '3.14.0', revision: 'aacccce0', time: '2018-08-02T20:19:58.91Z'
System info: host: 'DESKTOP-2GN6A96', ip: '10.210.27.76', os.name: 'Windows 10', os.arch: 'amd64', os.version: '10.0', java.version: '1.8.0_221'
Driver info: org.openqa.selenium.support.events.EventFiringWebDriver
Capabilities {acceptInsecureCerts: false, browserName: chrome, browserVersion: 77.0.3865.90, chrome: {chromedriverVersion: 77.0.3865.40 (f484704e052e0..., userDataDir: C:\Users\subhramd\AppData\L...}, goog:chromeOptions: {debuggerAddress: localhost:50447}, javascriptEnabled: true, networkConnectionEnabled: false, pageLoadStrategy: normal, platform: XP, platformName: XP, proxy: Proxy(), setWindowRect: true, strictFileInteractability: false, timeouts: {implicit: 0, pageLoad: 300000, script: 30000}, unhandledPromptBehavior: dismiss and notify}
Session ID: 220eae7121524b198f843b6870ac13cd
	at org.openqa.selenium.support.ui.WebDriverWait.timeoutException(WebDriverWait.java:113)
	at org.openqa.selenium.support.ui.FluentWait.until(FluentWait.java:283)
	at com.eCRM.client.core.CommonUtils.acceptAlert(CommonUtils.java:594)
	at com.eCRM.client.pages.ComplaintsManagementPage.completeComplaint(ComplaintsManagementPage.java:326)
	at com.eCRM.client.tests.eCRM09_ComplaintManagementTests.completeTheComplaintTest(eCRM09_ComplaintManagementTests.java:170)
... Removed 24 stack frames]]>
    </failure>
  </testcase> <!-- completeTheComplaintTest -->
  <testcase name="verifyTheComplaintCompletedStatusTest" time="4.649" classname="com.eCRM.client.tests.eCRM09_ComplaintManagementTests">
    <failure type="java.lang.AssertionError" message="expected [true] but found [false]">
      <![CDATA[java.lang.AssertionError: expected [true] but found [false]
	at com.eCRM.client.tests.eCRM09_ComplaintManagementTests.verifyTheComplaintCompletedStatusTest(eCRM09_ComplaintManagementTests.java:180)
... Removed 28 stack frames]]>
    </failure>
  </testcase> <!-- verifyTheComplaintCompletedStatusTest -->
  <testcase name="deleteTheComplaintTest" time="4.105" classname="com.eCRM.client.tests.eCRM09_ComplaintManagementTests"/>
  <testcase name="verifyTheDeletedComplaintTest" time="3.486" classname="com.eCRM.client.tests.eCRM09_ComplaintManagementTests">
    <failure type="java.lang.AssertionError" message="expected [true] but found [false]">
      <![CDATA[java.lang.AssertionError: expected [true] but found [false]
	at com.eCRM.client.tests.eCRM09_ComplaintManagementTests.verifyTheDeletedComplaintTest(eCRM09_ComplaintManagementTests.java:198)
... Removed 28 stack frames]]>
    </failure>
  </testcase> <!-- verifyTheDeletedComplaintTest -->
  <testcase name="addCampaignTest" time="7.309" classname="com.eCRM.client.tests.eCRM10_CampaignTests"/>
  <testcase name="verifyTheCampaignIsCreatedTest" time="0.036" classname="com.eCRM.client.tests.eCRM10_CampaignTests"/>
  <testcase name="editCampaignTest" time="0.914" classname="com.eCRM.client.tests.eCRM10_CampaignTests"/>
  <testcase name="verifyTheCampaignIsEditedTest" time="0.03" classname="com.eCRM.client.tests.eCRM10_CampaignTests"/>
  <testcase name="verifyTheDifferentTypeOfCampaignTest" time="0.033" classname="com.eCRM.client.tests.eCRM10_CampaignTests"/>
  <testcase name="verifyTheDifferentStatusOfCampaignTest" time="0.033" classname="com.eCRM.client.tests.eCRM10_CampaignTests"/>
  <testcase name="addTemplateTest" time="9.08" classname="com.eCRM.client.tests.eCRM11_TemplateMaintenanceTests"/>
  <testcase name="verifyTemplateIsAddedTest" time="3.487" classname="com.eCRM.client.tests.eCRM11_TemplateMaintenanceTests"/>
  <testcase name="editTemplateTest" time="6.71" classname="com.eCRM.client.tests.eCRM11_TemplateMaintenanceTests"/>
  <testcase name="verifyTemplateIsEditedTest" time="3.673" classname="com.eCRM.client.tests.eCRM11_TemplateMaintenanceTests"/>
  <testcase name="addACampaignProjectTest" time="12.999" classname="com.eCRM.client.tests.eCRM12_CampaignProjectsTests"/>
  <testcase name="verifyCampaignProjectIsAddedTest" time="12.545" classname="com.eCRM.client.tests.eCRM12_CampaignProjectsTests"/>
  <testcase name="editCampaignProjectTest" time="6.641" classname="com.eCRM.client.tests.eCRM12_CampaignProjectsTests"/>
  <testcase name="verifyCampaignProjectIsEditedTest" time="12.501" classname="com.eCRM.client.tests.eCRM12_CampaignProjectsTests"/>
  <testcase name="addCampaignToTheCampaignProjectTest" time="7.607" classname="com.eCRM.client.tests.eCRM12_CampaignProjectsTests"/>
  <testcase name="verifyCampaignIsAddedToCampaignProjectTest" time="0.071" classname="com.eCRM.client.tests.eCRM12_CampaignProjectsTests">
    <failure type="java.lang.AssertionError" message="expected [true] but found [false]">
      <![CDATA[java.lang.AssertionError: expected [true] but found [false]
	at com.eCRM.client.tests.eCRM12_CampaignProjectsTests.verifyCampaignIsAddedToCampaignProjectTest(eCRM12_CampaignProjectsTests.java:91)
... Removed 28 stack frames]]>
    </failure>
  </testcase> <!-- verifyCampaignIsAddedToCampaignProjectTest -->
  <testcase name="addEmailTemplateToTheCampaignProjectTest" time="79.867" classname="com.eCRM.client.tests.eCRM12_CampaignProjectsTests"/>
  <testcase name="verifyCampaignProjectAddedToApprovalPageTest" time="3.447" classname="com.eCRM.client.tests.eCRM13_CampaignApprovalTests">
    <failure type="java.lang.AssertionError" message="expected [true] but found [false]">
      <![CDATA[java.lang.AssertionError: expected [true] but found [false]
	at com.eCRM.client.tests.eCRM13_CampaignApprovalTests.verifyCampaignProjectAddedToApprovalPageTest(eCRM13_CampaignApprovalTests.java:52)
... Removed 28 stack frames]]>
    </failure>
  </testcase> <!-- verifyCampaignProjectAddedToApprovalPageTest -->
  <testcase name="approveTheCampaignProjectTest" time="0.018" classname="com.eCRM.client.tests.eCRM13_CampaignApprovalTests">
    <failure type="org.openqa.selenium.NoSuchElementException" message="no such element: Unable to locate element: {&amp;quot;method&amp;quot;:&amp;quot;xpath&amp;quot;,&amp;quot;selector&amp;quot;:&amp;quot;//div[contains(@id,&amp;apos;grdApproval&amp;apos;)]//td[text()=&amp;quot;Endless Night&amp;quot;]/following-sibling::td/input[@title=&amp;apos;Approve&amp;apos;]&amp;quot;}
  (Session info: chrome=77.0.3865.90)
For documentation on this error, please visit: http://seleniumhq.org/exceptions/no_such_element.html
Build info: version: &amp;apos;3.14.0&amp;apos;, revision: &amp;apos;aacccce0&amp;apos;, time: &amp;apos;2018-08-02T20:19:58.91Z&amp;apos;
System info: host: &amp;apos;DESKTOP-2GN6A96&amp;apos;, ip: &amp;apos;10.210.27.76&amp;apos;, os.name: &amp;apos;Windows 10&amp;apos;, os.arch: &amp;apos;amd64&amp;apos;, os.version: &amp;apos;10.0&amp;apos;, java.version: &amp;apos;1.8.0_221&amp;apos;
Driver info: org.openqa.selenium.chrome.ChromeDriver
Capabilities {acceptInsecureCerts: false, browserName: chrome, browserVersion: 77.0.3865.90, chrome: {chromedriverVersion: 77.0.3865.40 (f484704e052e0..., userDataDir: C:\Users\subhramd\AppData\L...}, goog:chromeOptions: {debuggerAddress: localhost:50447}, javascriptEnabled: true, networkConnectionEnabled: false, pageLoadStrategy: normal, platform: XP, platformName: XP, proxy: Proxy(), setWindowRect: true, strictFileInteractability: false, timeouts: {implicit: 0, pageLoad: 300000, script: 30000}, unhandledPromptBehavior: dismiss and notify}
Session ID: 220eae7121524b198f843b6870ac13cd
*** Element info: {Using=xpath, value=//div[contains(@id,&amp;apos;grdApproval&amp;apos;)]//td[text()=&amp;quot;Endless Night&amp;quot;]/following-sibling::td/input[@title=&amp;apos;Approve&amp;apos;]}">
      <![CDATA[org.openqa.selenium.NoSuchElementException: no such element: Unable to locate element: {"method":"xpath","selector":"//div[contains(@id,'grdApproval')]//td[text()="Endless Night"]/following-sibling::td/input[@title='Approve']"}
  (Session info: chrome=77.0.3865.90)
For documentation on this error, please visit: http://seleniumhq.org/exceptions/no_such_element.html
Build info: version: '3.14.0', revision: 'aacccce0', time: '2018-08-02T20:19:58.91Z'
System info: host: 'DESKTOP-2GN6A96', ip: '10.210.27.76', os.name: 'Windows 10', os.arch: 'amd64', os.version: '10.0', java.version: '1.8.0_221'
Driver info: org.openqa.selenium.chrome.ChromeDriver
Capabilities {acceptInsecureCerts: false, browserName: chrome, browserVersion: 77.0.3865.90, chrome: {chromedriverVersion: 77.0.3865.40 (f484704e052e0..., userDataDir: C:\Users\subhramd\AppData\L...}, goog:chromeOptions: {debuggerAddress: localhost:50447}, javascriptEnabled: true, networkConnectionEnabled: false, pageLoadStrategy: normal, platform: XP, platformName: XP, proxy: Proxy(), setWindowRect: true, strictFileInteractability: false, timeouts: {implicit: 0, pageLoad: 300000, script: 30000}, unhandledPromptBehavior: dismiss and notify}
Session ID: 220eae7121524b198f843b6870ac13cd
*** Element info: {Using=xpath, value=//div[contains(@id,'grdApproval')]//td[text()="Endless Night"]/following-sibling::td/input[@title='Approve']}
	at org.openqa.selenium.remote.http.W3CHttpResponseCodec.createException(W3CHttpResponseCodec.java:187)
	at org.openqa.selenium.remote.http.W3CHttpResponseCodec.decode(W3CHttpResponseCodec.java:122)
	at org.openqa.selenium.remote.http.W3CHttpResponseCodec.decode(W3CHttpResponseCodec.java:49)
	at org.openqa.selenium.remote.HttpCommandExecutor.execute(HttpCommandExecutor.java:158)
	at org.openqa.selenium.remote.service.DriverCommandExecutor.execute(DriverCommandExecutor.java:83)
	at org.openqa.selenium.remote.RemoteWebDriver.execute(RemoteWebDriver.java:548)
	at org.openqa.selenium.remote.RemoteWebDriver.findElement(RemoteWebDriver.java:322)
	at org.openqa.selenium.remote.RemoteWebDriver.findElementByXPath(RemoteWebDriver.java:424)
	at org.openqa.selenium.By$ByXPath.findElement(By.java:353)
	at org.openqa.selenium.remote.RemoteWebDriver.findElement(RemoteWebDriver.java:314)
	at org.openqa.selenium.support.events.EventFiringWebDriver.lambda$new$1(EventFiringWebDriver.java:105)
	at com.sun.proxy.$Proxy19.findElement(Unknown Source)
	at org.openqa.selenium.support.events.EventFiringWebDriver.findElement(EventFiringWebDriver.java:194)
	at com.eCRM.client.pages.CampaignApprovalPage.approveTheProject(CampaignApprovalPage.java:43)
	at com.eCRM.client.tests.eCRM13_CampaignApprovalTests.approveTheCampaignProjectTest(eCRM13_CampaignApprovalTests.java:63)
... Removed 30 stack frames]]>
    </failure>
  </testcase> <!-- approveTheCampaignProjectTest -->
  <testcase name="verifyCampaignProjectApprovedTest" time="0.012" classname="com.eCRM.client.tests.eCRM13_CampaignApprovalTests">
    <failure type="java.lang.AssertionError" message="expected [true] but found [false]">
      <![CDATA[java.lang.AssertionError: expected [true] but found [false]
	at com.eCRM.client.tests.eCRM13_CampaignApprovalTests.verifyCampaignProjectApprovedTest(eCRM13_CampaignApprovalTests.java:74)
... Removed 28 stack frames]]>
    </failure>
  </testcase> <!-- verifyCampaignProjectApprovedTest -->
  <testcase name="completeTheProjectTest" time="15.844" classname="com.eCRM.client.tests.eCRM13_CampaignApprovalTests"/>
  <testcase name="verifyProjectIsCompletedTest" time="66.327" classname="com.eCRM.client.tests.eCRM13_CampaignApprovalTests">
    <failure type="java.lang.AssertionError" message="expected [true] but found [false]">
      <![CDATA[java.lang.AssertionError: expected [true] but found [false]
	at com.eCRM.client.tests.eCRM13_CampaignApprovalTests.verifyProjectIsCompletedTest(eCRM13_CampaignApprovalTests.java:96)
... Removed 28 stack frames]]>
    </failure>
  </testcase> <!-- verifyProjectIsCompletedTest -->
  <testcase name="deleteCampaignProjectTest" time="3.029" classname="com.eCRM.client.tests.eCRM13_CampaignApprovalTests">
    <failure type="org.openqa.selenium.NoSuchElementException" message="no such element: Unable to locate element: {&amp;quot;method&amp;quot;:&amp;quot;xpath&amp;quot;,&amp;quot;selector&amp;quot;:&amp;quot;//table[@class=&amp;apos;rgMasterTable&amp;apos;]//td/a[text()=&amp;quot;Endless Night&amp;quot;]/parent::td/preceding-sibling::td/input[@type=&amp;apos;checkbox&amp;apos;]&amp;quot;}
  (Session info: chrome=77.0.3865.90)
For documentation on this error, please visit: http://seleniumhq.org/exceptions/no_such_element.html
Build info: version: &amp;apos;3.14.0&amp;apos;, revision: &amp;apos;aacccce0&amp;apos;, time: &amp;apos;2018-08-02T20:19:58.91Z&amp;apos;
System info: host: &amp;apos;DESKTOP-2GN6A96&amp;apos;, ip: &amp;apos;10.210.27.76&amp;apos;, os.name: &amp;apos;Windows 10&amp;apos;, os.arch: &amp;apos;amd64&amp;apos;, os.version: &amp;apos;10.0&amp;apos;, java.version: &amp;apos;1.8.0_221&amp;apos;
Driver info: org.openqa.selenium.chrome.ChromeDriver
Capabilities {acceptInsecureCerts: false, browserName: chrome, browserVersion: 77.0.3865.90, chrome: {chromedriverVersion: 77.0.3865.40 (f484704e052e0..., userDataDir: C:\Users\subhramd\AppData\L...}, goog:chromeOptions: {debuggerAddress: localhost:50447}, javascriptEnabled: true, networkConnectionEnabled: false, pageLoadStrategy: normal, platform: XP, platformName: XP, proxy: Proxy(), setWindowRect: true, strictFileInteractability: false, timeouts: {implicit: 0, pageLoad: 300000, script: 30000}, unhandledPromptBehavior: dismiss and notify}
Session ID: 220eae7121524b198f843b6870ac13cd
*** Element info: {Using=xpath, value=//table[@class=&amp;apos;rgMasterTable&amp;apos;]//td/a[text()=&amp;quot;Endless Night&amp;quot;]/parent::td/preceding-sibling::td/input[@type=&amp;apos;checkbox&amp;apos;]}">
      <![CDATA[org.openqa.selenium.NoSuchElementException: no such element: Unable to locate element: {"method":"xpath","selector":"//table[@class='rgMasterTable']//td/a[text()="Endless Night"]/parent::td/preceding-sibling::td/input[@type='checkbox']"}
  (Session info: chrome=77.0.3865.90)
For documentation on this error, please visit: http://seleniumhq.org/exceptions/no_such_element.html
Build info: version: '3.14.0', revision: 'aacccce0', time: '2018-08-02T20:19:58.91Z'
System info: host: 'DESKTOP-2GN6A96', ip: '10.210.27.76', os.name: 'Windows 10', os.arch: 'amd64', os.version: '10.0', java.version: '1.8.0_221'
Driver info: org.openqa.selenium.chrome.ChromeDriver
Capabilities {acceptInsecureCerts: false, browserName: chrome, browserVersion: 77.0.3865.90, chrome: {chromedriverVersion: 77.0.3865.40 (f484704e052e0..., userDataDir: C:\Users\subhramd\AppData\L...}, goog:chromeOptions: {debuggerAddress: localhost:50447}, javascriptEnabled: true, networkConnectionEnabled: false, pageLoadStrategy: normal, platform: XP, platformName: XP, proxy: Proxy(), setWindowRect: true, strictFileInteractability: false, timeouts: {implicit: 0, pageLoad: 300000, script: 30000}, unhandledPromptBehavior: dismiss and notify}
Session ID: 220eae7121524b198f843b6870ac13cd
*** Element info: {Using=xpath, value=//table[@class='rgMasterTable']//td/a[text()="Endless Night"]/parent::td/preceding-sibling::td/input[@type='checkbox']}
	at org.openqa.selenium.remote.http.W3CHttpResponseCodec.createException(W3CHttpResponseCodec.java:187)
	at org.openqa.selenium.remote.http.W3CHttpResponseCodec.decode(W3CHttpResponseCodec.java:122)
	at org.openqa.selenium.remote.http.W3CHttpResponseCodec.decode(W3CHttpResponseCodec.java:49)
	at org.openqa.selenium.remote.HttpCommandExecutor.execute(HttpCommandExecutor.java:158)
	at org.openqa.selenium.remote.service.DriverCommandExecutor.execute(DriverCommandExecutor.java:83)
	at org.openqa.selenium.remote.RemoteWebDriver.execute(RemoteWebDriver.java:548)
	at org.openqa.selenium.remote.RemoteWebDriver.findElement(RemoteWebDriver.java:322)
	at org.openqa.selenium.remote.RemoteWebDriver.findElementByXPath(RemoteWebDriver.java:424)
	at org.openqa.selenium.By$ByXPath.findElement(By.java:353)
	at org.openqa.selenium.remote.RemoteWebDriver.findElement(RemoteWebDriver.java:314)
	at org.openqa.selenium.support.events.EventFiringWebDriver.lambda$new$1(EventFiringWebDriver.java:105)
	at com.sun.proxy.$Proxy19.findElement(Unknown Source)
	at org.openqa.selenium.support.events.EventFiringWebDriver.findElement(EventFiringWebDriver.java:194)
	at com.eCRM.client.pages.CampaignProjectsPage.deleteProject(CampaignProjectsPage.java:251)
	at com.eCRM.client.tests.eCRM13_CampaignApprovalTests.deleteCampaignProjectTest(eCRM13_CampaignApprovalTests.java:107)
... Removed 30 stack frames]]>
    </failure>
  </testcase> <!-- deleteCampaignProjectTest -->
  <testcase name="verifyCampaignProjectIsDeletedTest" time="9.444" classname="com.eCRM.client.tests.eCRM13_CampaignApprovalTests">
    <failure type="java.lang.AssertionError" message="expected [true] but found [false]">
      <![CDATA[java.lang.AssertionError: expected [true] but found [false]
	at com.eCRM.client.tests.eCRM13_CampaignApprovalTests.verifyCampaignProjectIsDeletedTest(eCRM13_CampaignApprovalTests.java:118)
... Removed 28 stack frames]]>
    </failure>
  </testcase> <!-- verifyCampaignProjectIsDeletedTest -->
  <testcase name="deleteTemplateTest" time="12.573" classname="com.eCRM.client.tests.eCRM13_CampaignApprovalTests"/>
  <testcase name="verifyTemplateIsDeletedTest" time="6.306" classname="com.eCRM.client.tests.eCRM13_CampaignApprovalTests"/>
  <testcase name="deleteCampaignTest" time="11.498" classname="com.eCRM.client.tests.eCRM13_CampaignApprovalTests"/>
  <testcase name="verifyTheCampaignIsDeletedTest" time="0.014" classname="com.eCRM.client.tests.eCRM13_CampaignApprovalTests"/>
  <testcase name="findTheStringusingIdTest" time="23.354" classname="com.eCRM.client.tests.eCRM14_TranslationTests"/>
  <testcase name="verifySearchedStringIsVisibleTest" time="0.017" classname="com.eCRM.client.tests.eCRM14_TranslationTests">
    <failure type="java.lang.AssertionError" message="expected [true] but found [false]">
      <![CDATA[java.lang.AssertionError: expected [true] but found [false]
	at com.eCRM.client.tests.eCRM14_TranslationTests.verifySearchedStringIsVisibleTest(eCRM14_TranslationTests.java:55)
... Removed 28 stack frames]]>
    </failure>
  </testcase> <!-- verifySearchedStringIsVisibleTest -->
  <testcase name="editTheStringValueTest" time="0.019" classname="com.eCRM.client.tests.eCRM14_TranslationTests">
    <failure type="org.openqa.selenium.NoSuchElementException" message="no such element: Unable to locate element: {&amp;quot;method&amp;quot;:&amp;quot;xpath&amp;quot;,&amp;quot;selector&amp;quot;:&amp;quot;//table[@class=&amp;apos;rgMasterTable&amp;apos;]//td[text()=&amp;quot;Translations&amp;quot;]/following-sibling::td/textarea&amp;quot;}
  (Session info: chrome=77.0.3865.90)
For documentation on this error, please visit: http://seleniumhq.org/exceptions/no_such_element.html
Build info: version: &amp;apos;3.14.0&amp;apos;, revision: &amp;apos;aacccce0&amp;apos;, time: &amp;apos;2018-08-02T20:19:58.91Z&amp;apos;
System info: host: &amp;apos;DESKTOP-2GN6A96&amp;apos;, ip: &amp;apos;10.210.27.76&amp;apos;, os.name: &amp;apos;Windows 10&amp;apos;, os.arch: &amp;apos;amd64&amp;apos;, os.version: &amp;apos;10.0&amp;apos;, java.version: &amp;apos;1.8.0_221&amp;apos;
Driver info: org.openqa.selenium.chrome.ChromeDriver
Capabilities {acceptInsecureCerts: false, browserName: chrome, browserVersion: 77.0.3865.90, chrome: {chromedriverVersion: 77.0.3865.40 (f484704e052e0..., userDataDir: C:\Users\subhramd\AppData\L...}, goog:chromeOptions: {debuggerAddress: localhost:50447}, javascriptEnabled: true, networkConnectionEnabled: false, pageLoadStrategy: normal, platform: XP, platformName: XP, proxy: Proxy(), setWindowRect: true, strictFileInteractability: false, timeouts: {implicit: 0, pageLoad: 300000, script: 30000}, unhandledPromptBehavior: dismiss and notify}
Session ID: 220eae7121524b198f843b6870ac13cd
*** Element info: {Using=xpath, value=//table[@class=&amp;apos;rgMasterTable&amp;apos;]//td[text()=&amp;quot;Translations&amp;quot;]/following-sibling::td/textarea}">
      <![CDATA[org.openqa.selenium.NoSuchElementException: no such element: Unable to locate element: {"method":"xpath","selector":"//table[@class='rgMasterTable']//td[text()="Translations"]/following-sibling::td/textarea"}
  (Session info: chrome=77.0.3865.90)
For documentation on this error, please visit: http://seleniumhq.org/exceptions/no_such_element.html
Build info: version: '3.14.0', revision: 'aacccce0', time: '2018-08-02T20:19:58.91Z'
System info: host: 'DESKTOP-2GN6A96', ip: '10.210.27.76', os.name: 'Windows 10', os.arch: 'amd64', os.version: '10.0', java.version: '1.8.0_221'
Driver info: org.openqa.selenium.chrome.ChromeDriver
Capabilities {acceptInsecureCerts: false, browserName: chrome, browserVersion: 77.0.3865.90, chrome: {chromedriverVersion: 77.0.3865.40 (f484704e052e0..., userDataDir: C:\Users\subhramd\AppData\L...}, goog:chromeOptions: {debuggerAddress: localhost:50447}, javascriptEnabled: true, networkConnectionEnabled: false, pageLoadStrategy: normal, platform: XP, platformName: XP, proxy: Proxy(), setWindowRect: true, strictFileInteractability: false, timeouts: {implicit: 0, pageLoad: 300000, script: 30000}, unhandledPromptBehavior: dismiss and notify}
Session ID: 220eae7121524b198f843b6870ac13cd
*** Element info: {Using=xpath, value=//table[@class='rgMasterTable']//td[text()="Translations"]/following-sibling::td/textarea}
	at org.openqa.selenium.remote.http.W3CHttpResponseCodec.createException(W3CHttpResponseCodec.java:187)
	at org.openqa.selenium.remote.http.W3CHttpResponseCodec.decode(W3CHttpResponseCodec.java:122)
	at org.openqa.selenium.remote.http.W3CHttpResponseCodec.decode(W3CHttpResponseCodec.java:49)
	at org.openqa.selenium.remote.HttpCommandExecutor.execute(HttpCommandExecutor.java:158)
	at org.openqa.selenium.remote.service.DriverCommandExecutor.execute(DriverCommandExecutor.java:83)
	at org.openqa.selenium.remote.RemoteWebDriver.execute(RemoteWebDriver.java:548)
	at org.openqa.selenium.remote.RemoteWebDriver.findElement(RemoteWebDriver.java:322)
	at org.openqa.selenium.remote.RemoteWebDriver.findElementByXPath(RemoteWebDriver.java:424)
	at org.openqa.selenium.By$ByXPath.findElement(By.java:353)
	at org.openqa.selenium.remote.RemoteWebDriver.findElement(RemoteWebDriver.java:314)
	at org.openqa.selenium.support.events.EventFiringWebDriver.lambda$new$1(EventFiringWebDriver.java:105)
	at com.sun.proxy.$Proxy19.findElement(Unknown Source)
	at org.openqa.selenium.support.events.EventFiringWebDriver.findElement(EventFiringWebDriver.java:194)
	at com.eCRM.client.pages.TranslationPage.editTheString(TranslationPage.java:90)
	at com.eCRM.client.tests.eCRM14_TranslationTests.editTheStringValueTest(eCRM14_TranslationTests.java:66)
... Removed 30 stack frames]]>
    </failure>
  </testcase> <!-- editTheStringValueTest -->
  <testcase name="verifyTheEditedStringValueTest" time="5.279" classname="com.eCRM.client.tests.eCRM14_TranslationTests">
    <failure type="org.openqa.selenium.NoSuchElementException" message="no such element: Unable to locate element: {&amp;quot;method&amp;quot;:&amp;quot;xpath&amp;quot;,&amp;quot;selector&amp;quot;:&amp;quot;//span[contains(text(),&amp;quot;EidtedTextTest&amp;quot;)]/parent::a/parent::li&amp;quot;}
  (Session info: chrome=77.0.3865.90)
For documentation on this error, please visit: http://seleniumhq.org/exceptions/no_such_element.html
Build info: version: &amp;apos;3.14.0&amp;apos;, revision: &amp;apos;aacccce0&amp;apos;, time: &amp;apos;2018-08-02T20:19:58.91Z&amp;apos;
System info: host: &amp;apos;DESKTOP-2GN6A96&amp;apos;, ip: &amp;apos;10.210.27.76&amp;apos;, os.name: &amp;apos;Windows 10&amp;apos;, os.arch: &amp;apos;amd64&amp;apos;, os.version: &amp;apos;10.0&amp;apos;, java.version: &amp;apos;1.8.0_221&amp;apos;
Driver info: org.openqa.selenium.chrome.ChromeDriver
Capabilities {acceptInsecureCerts: false, browserName: chrome, browserVersion: 77.0.3865.90, chrome: {chromedriverVersion: 77.0.3865.40 (f484704e052e0..., userDataDir: C:\Users\subhramd\AppData\L...}, goog:chromeOptions: {debuggerAddress: localhost:50447}, javascriptEnabled: true, networkConnectionEnabled: false, pageLoadStrategy: normal, platform: XP, platformName: XP, proxy: Proxy(), setWindowRect: true, strictFileInteractability: false, timeouts: {implicit: 0, pageLoad: 300000, script: 30000}, unhandledPromptBehavior: dismiss and notify}
Session ID: 220eae7121524b198f843b6870ac13cd
*** Element info: {Using=xpath, value=//span[contains(text(),&amp;quot;EidtedTextTest&amp;quot;)]/parent::a/parent::li}">
      <![CDATA[org.openqa.selenium.NoSuchElementException: no such element: Unable to locate element: {"method":"xpath","selector":"//span[contains(text(),"EidtedTextTest")]/parent::a/parent::li"}
  (Session info: chrome=77.0.3865.90)
For documentation on this error, please visit: http://seleniumhq.org/exceptions/no_such_element.html
Build info: version: '3.14.0', revision: 'aacccce0', time: '2018-08-02T20:19:58.91Z'
System info: host: 'DESKTOP-2GN6A96', ip: '10.210.27.76', os.name: 'Windows 10', os.arch: 'amd64', os.version: '10.0', java.version: '1.8.0_221'
Driver info: org.openqa.selenium.chrome.ChromeDriver
Capabilities {acceptInsecureCerts: false, browserName: chrome, browserVersion: 77.0.3865.90, chrome: {chromedriverVersion: 77.0.3865.40 (f484704e052e0..., userDataDir: C:\Users\subhramd\AppData\L...}, goog:chromeOptions: {debuggerAddress: localhost:50447}, javascriptEnabled: true, networkConnectionEnabled: false, pageLoadStrategy: normal, platform: XP, platformName: XP, proxy: Proxy(), setWindowRect: true, strictFileInteractability: false, timeouts: {implicit: 0, pageLoad: 300000, script: 30000}, unhandledPromptBehavior: dismiss and notify}
Session ID: 220eae7121524b198f843b6870ac13cd
*** Element info: {Using=xpath, value=//span[contains(text(),"EidtedTextTest")]/parent::a/parent::li}
	at org.openqa.selenium.remote.http.W3CHttpResponseCodec.createException(W3CHttpResponseCodec.java:187)
	at org.openqa.selenium.remote.http.W3CHttpResponseCodec.decode(W3CHttpResponseCodec.java:122)
	at org.openqa.selenium.remote.http.W3CHttpResponseCodec.decode(W3CHttpResponseCodec.java:49)
	at org.openqa.selenium.remote.HttpCommandExecutor.execute(HttpCommandExecutor.java:158)
	at org.openqa.selenium.remote.service.DriverCommandExecutor.execute(DriverCommandExecutor.java:83)
	at org.openqa.selenium.remote.RemoteWebDriver.execute(RemoteWebDriver.java:548)
	at org.openqa.selenium.remote.RemoteWebDriver.findElement(RemoteWebDriver.java:322)
	at org.openqa.selenium.remote.RemoteWebDriver.findElementByXPath(RemoteWebDriver.java:424)
	at org.openqa.selenium.By$ByXPath.findElement(By.java:353)
	at org.openqa.selenium.remote.RemoteWebDriver.findElement(RemoteWebDriver.java:314)
	at org.openqa.selenium.support.events.EventFiringWebDriver.lambda$new$1(EventFiringWebDriver.java:105)
	at com.sun.proxy.$Proxy19.findElement(Unknown Source)
	at org.openqa.selenium.support.events.EventFiringWebDriver.findElement(EventFiringWebDriver.java:194)
	at com.eCRM.client.pages.TranslationPage.isStringEdited(TranslationPage.java:118)
	at com.eCRM.client.tests.eCRM14_TranslationTests.verifyTheEditedStringValueTest(eCRM14_TranslationTests.java:76)
... Removed 30 stack frames]]>
    </failure>
  </testcase> <!-- verifyTheEditedStringValueTest -->
  <testcase name="findTheStringUsingTextTest" time="14.402" classname="com.eCRM.client.tests.eCRM14_TranslationTests"/>
  <testcase name="verifyEditedStringIsSearchedAndVisibleTest" time="0.018" classname="com.eCRM.client.tests.eCRM14_TranslationTests">
    <failure type="java.lang.AssertionError" message="expected [true] but found [false]">
      <![CDATA[java.lang.AssertionError: expected [true] but found [false]
	at com.eCRM.client.tests.eCRM14_TranslationTests.verifyEditedStringIsSearchedAndVisibleTest(eCRM14_TranslationTests.java:98)
... Removed 28 stack frames]]>
    </failure>
  </testcase> <!-- verifyEditedStringIsSearchedAndVisibleTest -->
  <testcase name="editStringIsSearchedAndVisibleTest" time="0.013" classname="com.eCRM.client.tests.eCRM14_TranslationTests">
    <failure type="org.openqa.selenium.NoSuchElementException" message="no such element: Unable to locate element: {&amp;quot;method&amp;quot;:&amp;quot;xpath&amp;quot;,&amp;quot;selector&amp;quot;:&amp;quot;//table[@class=&amp;apos;rgMasterTable&amp;apos;]//td[text()=&amp;quot;Translations&amp;quot;]/following-sibling::td/textarea&amp;quot;}
  (Session info: chrome=77.0.3865.90)
For documentation on this error, please visit: http://seleniumhq.org/exceptions/no_such_element.html
Build info: version: &amp;apos;3.14.0&amp;apos;, revision: &amp;apos;aacccce0&amp;apos;, time: &amp;apos;2018-08-02T20:19:58.91Z&amp;apos;
System info: host: &amp;apos;DESKTOP-2GN6A96&amp;apos;, ip: &amp;apos;10.210.27.76&amp;apos;, os.name: &amp;apos;Windows 10&amp;apos;, os.arch: &amp;apos;amd64&amp;apos;, os.version: &amp;apos;10.0&amp;apos;, java.version: &amp;apos;1.8.0_221&amp;apos;
Driver info: org.openqa.selenium.chrome.ChromeDriver
Capabilities {acceptInsecureCerts: false, browserName: chrome, browserVersion: 77.0.3865.90, chrome: {chromedriverVersion: 77.0.3865.40 (f484704e052e0..., userDataDir: C:\Users\subhramd\AppData\L...}, goog:chromeOptions: {debuggerAddress: localhost:50447}, javascriptEnabled: true, networkConnectionEnabled: false, pageLoadStrategy: normal, platform: XP, platformName: XP, proxy: Proxy(), setWindowRect: true, strictFileInteractability: false, timeouts: {implicit: 0, pageLoad: 300000, script: 30000}, unhandledPromptBehavior: dismiss and notify}
Session ID: 220eae7121524b198f843b6870ac13cd
*** Element info: {Using=xpath, value=//table[@class=&amp;apos;rgMasterTable&amp;apos;]//td[text()=&amp;quot;Translations&amp;quot;]/following-sibling::td/textarea}">
      <![CDATA[org.openqa.selenium.NoSuchElementException: no such element: Unable to locate element: {"method":"xpath","selector":"//table[@class='rgMasterTable']//td[text()="Translations"]/following-sibling::td/textarea"}
  (Session info: chrome=77.0.3865.90)
For documentation on this error, please visit: http://seleniumhq.org/exceptions/no_such_element.html
Build info: version: '3.14.0', revision: 'aacccce0', time: '2018-08-02T20:19:58.91Z'
System info: host: 'DESKTOP-2GN6A96', ip: '10.210.27.76', os.name: 'Windows 10', os.arch: 'amd64', os.version: '10.0', java.version: '1.8.0_221'
Driver info: org.openqa.selenium.chrome.ChromeDriver
Capabilities {acceptInsecureCerts: false, browserName: chrome, browserVersion: 77.0.3865.90, chrome: {chromedriverVersion: 77.0.3865.40 (f484704e052e0..., userDataDir: C:\Users\subhramd\AppData\L...}, goog:chromeOptions: {debuggerAddress: localhost:50447}, javascriptEnabled: true, networkConnectionEnabled: false, pageLoadStrategy: normal, platform: XP, platformName: XP, proxy: Proxy(), setWindowRect: true, strictFileInteractability: false, timeouts: {implicit: 0, pageLoad: 300000, script: 30000}, unhandledPromptBehavior: dismiss and notify}
Session ID: 220eae7121524b198f843b6870ac13cd
*** Element info: {Using=xpath, value=//table[@class='rgMasterTable']//td[text()="Translations"]/following-sibling::td/textarea}
	at org.openqa.selenium.remote.http.W3CHttpResponseCodec.createException(W3CHttpResponseCodec.java:187)
	at org.openqa.selenium.remote.http.W3CHttpResponseCodec.decode(W3CHttpResponseCodec.java:122)
	at org.openqa.selenium.remote.http.W3CHttpResponseCodec.decode(W3CHttpResponseCodec.java:49)
	at org.openqa.selenium.remote.HttpCommandExecutor.execute(HttpCommandExecutor.java:158)
	at org.openqa.selenium.remote.service.DriverCommandExecutor.execute(DriverCommandExecutor.java:83)
	at org.openqa.selenium.remote.RemoteWebDriver.execute(RemoteWebDriver.java:548)
	at org.openqa.selenium.remote.RemoteWebDriver.findElement(RemoteWebDriver.java:322)
	at org.openqa.selenium.remote.RemoteWebDriver.findElementByXPath(RemoteWebDriver.java:424)
	at org.openqa.selenium.By$ByXPath.findElement(By.java:353)
	at org.openqa.selenium.remote.RemoteWebDriver.findElement(RemoteWebDriver.java:314)
	at org.openqa.selenium.support.events.EventFiringWebDriver.lambda$new$1(EventFiringWebDriver.java:105)
	at com.sun.proxy.$Proxy19.findElement(Unknown Source)
	at org.openqa.selenium.support.events.EventFiringWebDriver.findElement(EventFiringWebDriver.java:194)
	at com.eCRM.client.pages.TranslationPage.editTheSearchedString(TranslationPage.java:126)
	at com.eCRM.client.tests.eCRM14_TranslationTests.editStringIsSearchedAndVisibleTest(eCRM14_TranslationTests.java:108)
... Removed 30 stack frames]]>
    </failure>
  </testcase> <!-- editStringIsSearchedAndVisibleTest -->
</testsuite> <!-- Regression Tests -->
